[23:29:28] [Client thread/INFO]: Setting user: Player804
[23:29:32] [Client thread/WARN]: Skipping bad option: lastServer:
[23:29:32] [Client thread/INFO]: LWJGL Version: 2.9.4
[23:29:37] [Client thread/INFO]: Reloading ResourceManager: Default, FMLFileResourcePack:Forge Mod Loader, FMLFileResourcePack:Minecraft Forge, FMLFileResourcePack:My Mod
[23:29:42] [Sound Library Loader/INFO]: Starting up SoundSystem...
[23:29:42] [Thread-8/INFO]: Initializing LWJGL OpenAL
[23:29:42] [Thread-8/INFO]: (The LWJGL binding of OpenAL.  For more information, see http://www.lwjgl.org)
[23:29:42] [Thread-8/INFO]: OpenAL initialized.
[23:29:43] [Sound Library Loader/INFO]: Sound engine started
[23:29:46] [Client thread/INFO]: Created: 16x16 textures-atlas
[23:29:47] [Client thread/INFO]: Reloading ResourceManager: Default, FMLFileResourcePack:Forge Mod Loader, FMLFileResourcePack:Minecraft Forge, FMLFileResourcePack:My Mod
[23:29:49] [Client thread/INFO]: SoundSystem shutting down...
[23:29:49] [Client thread/WARN]: Author: Paul Lamb, www.paulscode.com
[23:29:49] [Sound Library Loader/INFO]: Starting up SoundSystem...
[23:29:49] [Thread-10/INFO]: Initializing LWJGL OpenAL
[23:29:49] [Thread-10/INFO]: (The LWJGL binding of OpenAL.  For more information, see http://www.lwjgl.org)
[23:29:49] [Thread-10/INFO]: OpenAL initialized.
[23:29:49] [Sound Library Loader/INFO]: Sound engine started
[23:29:52] [Client thread/INFO]: Created: 512x512 textures-atlas
[23:29:53] [Client thread/WARN]: Skipping bad option: lastServer:
[23:29:54] [Realms Notification Availability checker #1/INFO]: Could not authorize you against Realms server: Invalid session id
[23:30:01] [Server thread/INFO]: Starting integrated minecraft server version 1.10.2
[23:30:01] [Server thread/INFO]: Generating keypair
[23:30:01] [Server thread/INFO]: Preparing start region for level 0
[23:30:02] [Server thread/INFO]: Preparing spawn area: 37%
[23:30:03] [Server thread/INFO]: Changing view distance to 12, from 10
[23:30:04] [Server thread/INFO]: Player804[local:E:8472260e] logged in with entity id 383 at (250.528018569553, 72.0, 17.466893086132465)
[23:30:04] [Server thread/INFO]: Player804 joined the game
[23:30:05] [Server thread/INFO]: Saving and pausing game...
[23:30:05] [Server thread/INFO]: Saving chunks for level 'New World'/Overworld
[23:30:05] [Server thread/INFO]: Saving chunks for level 'New World'/Nether
[23:30:05] [Server thread/INFO]: Saving chunks for level 'New World'/The End
[23:30:06] [pool-2-thread-1/WARN]: Couldn't look up profile properties for com.mojang.authlib.GameProfile@1f2dcb2d[id=924198c2-2c42-36d7-958c-f259b1738969,name=Player804,properties={},legacy=false]
com.mojang.authlib.exceptions.AuthenticationException: The client has sent too many requests within a certain amount of time
	at com.mojang.authlib.yggdrasil.YggdrasilAuthenticationService.makeRequest(YggdrasilAuthenticationService.java:65) ~[YggdrasilAuthenticationService.class:?]
	at com.mojang.authlib.yggdrasil.YggdrasilMinecraftSessionService.fillGameProfile(YggdrasilMinecraftSessionService.java:175) [YggdrasilMinecraftSessionService.class:?]
	at com.mojang.authlib.yggdrasil.YggdrasilMinecraftSessionService$1.load(YggdrasilMinecraftSessionService.java:59) [YggdrasilMinecraftSessionService$1.class:?]
	at com.mojang.authlib.yggdrasil.YggdrasilMinecraftSessionService$1.load(YggdrasilMinecraftSessionService.java:56) [YggdrasilMinecraftSessionService$1.class:?]
	at com.google.common.cache.LocalCache$LoadingValueReference.loadFuture(LocalCache.java:3524) [guava-17.0.jar:?]
	at com.google.common.cache.LocalCache$Segment.loadSync(LocalCache.java:2317) [guava-17.0.jar:?]
	at com.google.common.cache.LocalCache$Segment.lockedGetOrLoad(LocalCache.java:2280) [guava-17.0.jar:?]
	at com.google.common.cache.LocalCache$Segment.get(LocalCache.java:2195) [guava-17.0.jar:?]
	at com.google.common.cache.LocalCache.get(LocalCache.java:3934) [guava-17.0.jar:?]
	at com.google.common.cache.LocalCache.getOrLoad(LocalCache.java:3938) [guava-17.0.jar:?]
	at com.google.common.cache.LocalCache$LocalLoadingCache.get(LocalCache.java:4821) [guava-17.0.jar:?]
	at com.google.common.cache.LocalCache$LocalLoadingCache.getUnchecked(LocalCache.java:4827) [guava-17.0.jar:?]
	at com.mojang.authlib.yggdrasil.YggdrasilMinecraftSessionService.fillProfileProperties(YggdrasilMinecraftSessionService.java:165) [YggdrasilMinecraftSessionService.class:?]
	at net.minecraft.client.Minecraft.getProfileProperties(Minecraft.java:3060) [Minecraft.class:?]
	at net.minecraft.client.resources.SkinManager$3.run(SkinManager.java:131) [SkinManager$3.class:?]
	at java.util.concurrent.Executors$RunnableAdapter.call(Unknown Source) [?:1.8.0_144]
	at java.util.concurrent.FutureTask.run(Unknown Source) [?:1.8.0_144]
	at java.util.concurrent.ThreadPoolExecutor.runWorker(Unknown Source) [?:1.8.0_144]
	at java.util.concurrent.ThreadPoolExecutor$Worker.run(Unknown Source) [?:1.8.0_144]
	at java.lang.Thread.run(Unknown Source) [?:1.8.0_144]
[23:30:25] [Server thread/INFO]: Player804 has just earned the achievement [Taking Inventory]
[23:30:25] [Client thread/INFO]: [CHAT] Player804 has just earned the achievement [Taking Inventory]
[23:32:16] [Server thread/INFO]: Saving and pausing game...
[23:32:16] [Server thread/INFO]: Saving chunks for level 'New World'/Overworld
[23:32:16] [Server thread/INFO]: Saving chunks for level 'New World'/Nether
[23:32:16] [Server thread/INFO]: Saving chunks for level 'New World'/The End
[23:32:23] [Server thread/INFO]: Stopping server
[23:32:23] [Server thread/INFO]: Saving players
[23:32:23] [Server thread/INFO]: Saving worlds
[23:32:23] [Server thread/INFO]: Saving chunks for level 'New World'/Overworld
[23:32:23] [Server thread/INFO]: Saving chunks for level 'New World'/Nether
[23:32:23] [Server thread/INFO]: Saving chunks for level 'New World'/The End
[23:32:24] [Client thread/INFO]: Stopping!
[23:32:24] [Client thread/INFO]: SoundSystem shutting down...
[23:32:25] [Client thread/WARN]: Author: Paul Lamb, www.paulscode.com
